# JRE version: OpenJDK Runtime Environment (8.0_152-b01) (build 1.8.0_152-release-915-b01)
# Java VM: OpenJDK 64-Bit Server VM (25.152-b01 mixed mode windows-amd64 compressed oops)
Heap:
 PSYoungGen      total 447488K, used 177754K [0x00000000e0000000, 0x0000000100000000, 0x0000000100000000)
  eden space 418816K, 42% used [0x00000000e0000000,0x00000000ead96b30,0x00000000f9900000)
  from space 28672K, 0% used [0x00000000f9900000,0x00000000f9900000,0x00000000fb500000)
  to   space 29696K, 0% used [0x00000000fe300000,0x00000000fe300000,0x0000000100000000)
 ParOldGen       total 156160K, used 51305K [0x00000000a0000000, 0x00000000a9880000, 0x00000000e0000000)
  object space 156160K, 32% used [0x00000000a0000000,0x00000000a321a438,0x00000000a9880000)
 Metaspace       used 65132K, capacity 68082K, committed 68096K, reserved 1107968K
  class space    used 8738K, capacity 9460K, committed 9472K, reserved 1048576K
GC Heap History (10 events):
Event: 19.773 GC heap before
{Heap before GC invocations=8 (full 2):
 PSYoungGen      total 242176K, used 9274K [0x00000000e0000000, 0x00000000f0480000, 0x0000000100000000)
  eden space 227840K, 0% used [0x00000000e0000000,0x00000000e0000000,0x00000000ede80000)
  from space 14336K, 64% used [0x00000000eec00000,0x00000000ef50ebe0,0x00000000efa00000)
  to   space 13824K, 0% used [0x00000000ede80000,0x00000000ede80000,0x00000000eec00000)
 ParOldGen       total 81408K, used 7565K [0x00000000a0000000, 0x00000000a4f80000, 0x00000000e0000000)
  object space 81408K, 9% used [0x00000000a0000000,0x00000000a07636a0,0x00000000a4f80000)
 Metaspace       used 34485K, capacity 35236K, committed 35416K, reserved 1079296K
  class space    used 4719K, capacity 5007K, committed 5120K, reserved 1048576K
Event: 19.865 GC heap after
Heap after GC invocations=8 (full 2):
 PSYoungGen      total 242176K, used 0K [0x00000000e0000000, 0x00000000f0480000, 0x0000000100000000)
  eden space 227840K, 0% used [0x00000000e0000000,0x00000000e0000000,0x00000000ede80000)
  from space 14336K, 0% used [0x00000000eec00000,0x00000000eec00000,0x00000000efa00000)
  to   space 13824K, 0% used [0x00000000ede80000,0x00000000ede80000,0x00000000eec00000)
 ParOldGen       total 100352K, used 15519K [0x00000000a0000000, 0x00000000a6200000, 0x00000000e0000000)
  object space 100352K, 15% used [0x00000000a0000000,0x00000000a0f27fe0,0x00000000a6200000)
 Metaspace       used 34485K, capacity 35236K, committed 35416K, reserved 1079296K
  class space    used 4719K, capacity 5007K, committed 5120K, reserved 1048576K
}
Event: 26.038 GC heap before
{Heap before GC invocations=9 (full 2):
 PSYoungGen      total 242176K, used 227840K [0x00000000e0000000, 0x00000000f0480000, 0x0000000100000000)
  eden space 227840K, 100% used [0x00000000e0000000,0x00000000ede80000,0x00000000ede80000)
  from space 14336K, 0% used [0x00000000eec00000,0x00000000eec00000,0x00000000efa00000)
  to   space 13824K, 0% used [0x00000000ede80000,0x00000000ede80000,0x00000000eec00000)
 ParOldGen       total 100352K, used 15519K [0x00000000a0000000, 0x00000000a6200000, 0x00000000e0000000)
  object space 100352K, 15% used [0x00000000a0000000,0x00000000a0f27fe0,0x00000000a6200000)
 Metaspace       used 48018K, capacity 49022K, committed 49280K, reserved 1091584K
  class space    used 6397K, capacity 6777K, committed 6784K, reserved 1048576K
Event: 26.547 GC heap after
Heap after GC invocations=9 (full 2):
 PSYoungGen      total 241664K, used 13814K [0x00000000e0000000, 0x00000000fc700000, 0x0000000100000000)
  eden space 227840K, 0% used [0x00000000e0000000,0x00000000e0000000,0x00000000ede80000)
  from space 13824K, 99% used [0x00000000ede80000,0x00000000eebfdbe0,0x00000000eec00000)
  to   space 18432K, 0% used [0x00000000fb500000,0x00000000fb500000,0x00000000fc700000)
 ParOldGen       total 100352K, used 21110K [0x00000000a0000000, 0x00000000a6200000, 0x00000000e0000000)
  object space 100352K, 21% used [0x00000000a0000000,0x00000000a149da80,0x00000000a6200000)
 Metaspace       used 48018K, capacity 49022K, committed 49280K, reserved 1091584K
  class space    used 6397K, capacity 6777K, committed 6784K, reserved 1048576K
}
Event: 35.949 GC heap before
{Heap before GC invocations=10 (full 2):
 PSYoungGen      total 241664K, used 241654K [0x00000000e0000000, 0x00000000fc700000, 0x0000000100000000)
  eden space 227840K, 100% used [0x00000000e0000000,0x00000000ede80000,0x00000000ede80000)
  from space 13824K, 99% used [0x00000000ede80000,0x00000000eebfdbe0,0x00000000eec00000)
  to   space 18432K, 0% used [0x00000000fb500000,0x00000000fb500000,0x00000000fc700000)
 ParOldGen       total 100352K, used 21110K [0x00000000a0000000, 0x00000000a6200000, 0x00000000e0000000)
  object space 100352K, 21% used [0x00000000a0000000,0x00000000a149da80,0x00000000a6200000)
 Metaspace       used 56242K, capacity 58300K, committed 58496K, reserved 1099776K
  class space    used 7715K, capacity 8239K, committed 8320K, reserved 1048576K
Event: 36.036 GC heap after
Heap after GC invocations=10 (full 2):
 PSYoungGen      total 437248K, used 18421K [0x00000000e0000000, 0x00000000fd500000, 0x0000000100000000)
  eden space 418816K, 0% used [0x00000000e0000000,0x00000000e0000000,0x00000000f9900000)
  from space 18432K, 99% used [0x00000000fb500000,0x00000000fc6fd4c8,0x00000000fc700000)
  to   space 28672K, 0% used [0x00000000f9900000,0x00000000f9900000,0x00000000fb500000)
 ParOldGen       total 100352K, used 38530K [0x00000000a0000000, 0x00000000a6200000, 0x00000000e0000000)
  object space 100352K, 38% used [0x00000000a0000000,0x00000000a25a0a48,0x00000000a6200000)
 Metaspace       used 56242K, capacity 58300K, committed 58496K, reserved 1099776K
  class space    used 7715K, capacity 8239K, committed 8320K, reserved 1048576K
}
Event: 36.640 GC heap before
{Heap before GC invocations=11 (full 2):
 PSYoungGen      total 437248K, used 47962K [0x00000000e0000000, 0x00000000fd500000, 0x0000000100000000)
  eden space 418816K, 7% used [0x00000000e0000000,0x00000000e1cd9398,0x00000000f9900000)
  from space 18432K, 99% used [0x00000000fb500000,0x00000000fc6fd4c8,0x00000000fc700000)
  to   space 28672K, 0% used [0x00000000f9900000,0x00000000f9900000,0x00000000fb500000)
 ParOldGen       total 100352K, used 38530K [0x00000000a0000000, 0x00000000a6200000, 0x00000000e0000000)
  object space 100352K, 38% used [0x00000000a0000000,0x00000000a25a0a48,0x00000000a6200000)
 Metaspace       used 56822K, capacity 58882K, committed 59008K, reserved 1099776K
  class space    used 7784K, capacity 8305K, committed 8320K, reserved 1048576K
Event: 36.683 GC heap after
Heap after GC invocations=11 (full 2):
 PSYoungGen      total 447488K, used 20347K [0x00000000e0000000, 0x0000000100000000, 0x0000000100000000)
  eden space 418816K, 0% used [0x00000000e0000000,0x00000000e0000000,0x00000000f9900000)
  from space 28672K, 70% used [0x00000000f9900000,0x00000000facded60,0x00000000fb500000)
  to   space 29696K, 0% used [0x00000000fe300000,0x00000000fe300000,0x0000000100000000)
 ParOldGen       total 100352K, used 38530K [0x00000000a0000000, 0x00000000a6200000, 0x00000000e0000000)
  object space 100352K, 38% used [0x00000000a0000000,0x00000000a25a0a48,0x00000000a6200000)
 Metaspace       used 56822K, capacity 58882K, committed 59008K, reserved 1099776K
  class space    used 7784K, capacity 8305K, committed 8320K, reserved 1048576K
}
Event: 36.683 GC heap before
{Heap before GC invocations=12 (full 3):
 PSYoungGen      total 447488K, used 20347K [0x00000000e0000000, 0x0000000100000000, 0x0000000100000000)
  eden space 418816K, 0% used [0x00000000e0000000,0x00000000e0000000,0x00000000f9900000)
  from space 28672K, 70% used [0x00000000f9900000,0x00000000facded60,0x00000000fb500000)
  to   space 29696K, 0% used [0x00000000fe300000,0x00000000fe300000,0x0000000100000000)
 ParOldGen       total 100352K, used 38530K [0x00000000a0000000, 0x00000000a6200000, 0x00000000e0000000)
  object space 100352K, 38% used [0x00000000a0000000,0x00000000a25a0a48,0x00000000a6200000)
 Metaspace       used 56822K, capacity 58882K, committed 59008K, reserved 1099776K
  class space    used 7784K, capacity 8305K, committed 8320K, reserved 1048576K
Event: 37.096 GC heap after
Heap after GC invocations=12 (full 3):
 PSYoungGen      total 447488K, used 0K [0x00000000e0000000, 0x0000000100000000, 0x0000000100000000)
  eden space 418816K, 0% used [0x00000000e0000000,0x00000000e0000000,0x00000000f9900000)
  from space 28672K, 0% used [0x00000000f9900000,0x00000000f9900000,0x00000000fb500000)
  to   space 29696K, 0% used [0x00000000fe300000,0x00000000fe300000,0x0000000100000000)
 ParOldGen       total 156160K, used 51305K [0x00000000a0000000, 0x00000000a9880000, 0x00000000e0000000)
  object space 156160K, 32% used [0x00000000a0000000,0x00000000a321a438,0x00000000a9880000)
 Metaspace       used 56822K, capacity 58882K, committed 59008K, reserved 1099776K
  class space    used 7784K, capacity 8305K, committed 8320K, reserved 1048576K
}

